android-wear/app/build/intermediates/manifest_merge_blame_file/release/processReleaseMainManifest/manifest-merger-blame-release-report.txt
1<?xml version="1.0" encoding="utf-8"?>
2<!--
3    Copyright 2019 Google Inc. All Rights Reserved.
4
5     Licensed under the Apache License, Version 2.0 (the "License");
6     you may not use this file except in compliance with the License.
7     You may obtain a copy of the License at
8
9         http://www.apache.org/licenses/LICENSE-2.0
10
11     Unless required by applicable law or agreed to in writing, software
12     distributed under the License is distributed on an "AS IS" BASIS,
13     WITHOUT WARRANTIES OR CONDITIONS OF ANY KIND, either express or implied.
14     See the License for the specific language governing permissions and
15     limitations under the License.
16-->
17<!--
18 The "package" attribute is rewritten by the Gradle build with the value of applicationId.
19     It is still required here, as it is used to derive paths, for instance when referring
20     to an Activity by ".MyActivity" instead of the full name. If more Activities are added to the
21     application, the package attribute will need to reflect the correct path in order to use
22     the abbreviated format.
23-->
24<manifest xmlns:android="http://schemas.android.com/apk/res/android"
25    package="com.alucard.alucalcos"
26    android:versionCode="1" >
27
28    <uses-sdk
29        android:minSdkVersion="21"
30        android:targetSdkVersion="35" />
31
32    <queries>
32-->[com.google.androidbrowserhelper:androidbrowserhelper:2.6.2] AndroidManifest.xml:22:5-30:15
33        <intent>
33-->[com.google.androidbrowserhelper:androidbrowserhelper:2.6.2] AndroidManifest.xml:23:9-29:18
34            <action android:name="android.intent.action.VIEW" />
34-->src\main\AndroidManifest.xml:142:17-68
34-->src\main\AndroidManifest.xml:142:25-66
35
36            <category android:name="android.intent.category.BROWSABLE" />
36-->src\main\AndroidManifest.xml:144:17-77
36-->src\main\AndroidManifest.xml:144:27-75
37
38            <data android:scheme="https" />
38-->src\main\AndroidManifest.xml:145:17-148:19
38-->src\main\AndroidManifest.xml:145:23-45
39        </intent>
40    </queries>
41
42    <permission
42-->[androidx.core:core:1.13.0] AndroidManifest.xml:22:5-24:47
43        android:name="com.alucard.alucalcos.DYNAMIC_RECEIVER_NOT_EXPORTED_PERMISSION"
43-->[androidx.core:core:1.13.0] AndroidManifest.xml:23:9-81
44        android:protectionLevel="signature" />
44-->[androidx.core:core:1.13.0] AndroidManifest.xml:24:9-44
45
46    <uses-permission android:name="com.alucard.alucalcos.DYNAMIC_RECEIVER_NOT_EXPORTED_PERMISSION" />
46-->[androidx.core:core:1.13.0] AndroidManifest.xml:26:5-97
46-->[androidx.core:core:1.13.0] AndroidManifest.xml:26:22-94
47
48    <application
48-->src\main\AndroidManifest.xml:33:5-187:19
49        android:name="com.alucard.alucalcos.Application"
49-->src\main\AndroidManifest.xml:34:9-35
50        android:allowBackup="true"
50-->src\main\AndroidManifest.xml:35:9-35
51        android:appComponentFactory="androidx.core.app.CoreComponentFactory"
51-->[androidx.core:core:1.13.0] AndroidManifest.xml:28:18-86
52        android:extractNativeLibs="true"
53        android:icon="@mipmap/ic_launcher"
53-->src\main\AndroidManifest.xml:36:9-43
54        android:label="@string/appName"
54-->src\main\AndroidManifest.xml:37:9-40
55        android:manageSpaceActivity="com.google.androidbrowserhelper.trusted.ManageDataLauncherActivity"
55-->src\main\AndroidManifest.xml:39:9-105
56        android:supportsRtl="true"
56-->src\main\AndroidManifest.xml:41:9-35
57        android:theme="@android:style/Theme.Translucent.NoTitleBar" >
57-->src\main\AndroidManifest.xml:42:9-68
58        <meta-data
58-->src\main\AndroidManifest.xml:44:9-46:58
59            android:name="asset_statements"
59-->src\main\AndroidManifest.xml:45:13-44
60            android:resource="@string/assetStatements" />
60-->src\main\AndroidManifest.xml:46:13-55
61        <meta-data
61-->src\main\AndroidManifest.xml:50:9-52:52
62            android:name="twa_generator"
62-->src\main\AndroidManifest.xml:51:13-41
63            android:value="@string/generatorApp" />
63-->src\main\AndroidManifest.xml:52:13-49
64
65        <activity
65-->src\main\AndroidManifest.xml:59:13-70:24
66            android:name="com.google.androidbrowserhelper.trusted.ManageDataLauncherActivity"
66-->src\main\AndroidManifest.xml:59:23-104
67            android:enabled="true"
67-->src\main\AndroidManifest.xml:61:17-39
68            android:excludeFromRecents="true"
68-->src\main\AndroidManifest.xml:62:17-50
69            android:exported="false" >
69-->src\main\AndroidManifest.xml:60:17-41
70            <meta-data
70-->src\main\AndroidManifest.xml:63:17-65:57
71                android:name="android.support.customtabs.trusted.MANAGE_SPACE_URL"
71-->src\main\AndroidManifest.xml:64:21-87
72                android:value="@string/launchUrl" />
72-->src\main\AndroidManifest.xml:65:21-54
73
74            <intent-filter>
74-->src\main\AndroidManifest.xml:66:17-69:33
75                <action android:name="android.intent.action.APPLICATION_PREFERENCES" />
75-->src\main\AndroidManifest.xml:67:21-92
75-->src\main\AndroidManifest.xml:67:29-89
76
77                <category android:name="android.intent.category.DEFAULT" />
77-->src\main\AndroidManifest.xml:68:21-80
77-->src\main\AndroidManifest.xml:68:31-77
78            </intent-filter>
79        </activity>
80        <activity
80-->src\main\AndroidManifest.xml:73:9-154:20
81            android:name="com.alucard.alucalcos.LauncherActivity"
81-->src\main\AndroidManifest.xml:73:19-50
82            android:alwaysRetainTaskState="true"
82-->src\main\AndroidManifest.xml:74:13-49
83            android:exported="true"
83-->src\main\AndroidManifest.xml:76:13-36
84            android:label="@string/launcherName" >
84-->src\main\AndroidManifest.xml:75:13-49
85            <meta-data
85-->src\main\AndroidManifest.xml:77:13-78:53
86                android:name="android.support.customtabs.trusted.DEFAULT_URL"
86-->src\main\AndroidManifest.xml:77:24-85
87                android:value="@string/launchUrl" />
87-->src\main\AndroidManifest.xml:78:17-50
88            <meta-data
88-->src\main\AndroidManifest.xml:80:13-82:58
89                android:name="android.support.customtabs.trusted.STATUS_BAR_COLOR"
89-->src\main\AndroidManifest.xml:81:17-83
90                android:resource="@color/colorPrimary" />
90-->src\main\AndroidManifest.xml:82:17-55
91            <meta-data
91-->src\main\AndroidManifest.xml:86:13-88:62
92                android:name="android.support.customtabs.trusted.STATUS_BAR_COLOR_DARK"
92-->src\main\AndroidManifest.xml:87:17-88
93                android:resource="@color/colorPrimaryDark" />
93-->src\main\AndroidManifest.xml:88:17-59
94            <meta-data
94-->src\main\AndroidManifest.xml:90:13-92:61
95                android:name="android.support.customtabs.trusted.NAVIGATION_BAR_COLOR"
95-->src\main\AndroidManifest.xml:91:17-87
96                android:resource="@color/navigationColor" />
96-->src\main\AndroidManifest.xml:92:17-58
97            <meta-data
97-->src\main\AndroidManifest.xml:94:13-96:65
98                android:name="android.support.customtabs.trusted.NAVIGATION_BAR_COLOR_DARK"
98-->src\main\AndroidManifest.xml:95:17-92
99                android:resource="@color/navigationColorDark" />
99-->src\main\AndroidManifest.xml:96:17-62
100            <meta-data
100-->src\main\AndroidManifest.xml:98:13-100:68
101                android:name="androix.browser.trusted.NAVIGATION_BAR_DIVIDER_COLOR"
101-->src\main\AndroidManifest.xml:99:17-84
102                android:resource="@color/navigationDividerColor" />
102-->src\main\AndroidManifest.xml:100:17-65
103            <meta-data
103-->src\main\AndroidManifest.xml:102:13-104:72
104                android:name="androix.browser.trusted.NAVIGATION_BAR_DIVIDER_COLOR_DARK"
104-->src\main\AndroidManifest.xml:103:17-89
105                android:resource="@color/navigationDividerColorDark" />
105-->src\main\AndroidManifest.xml:104:17-69
106            <meta-data
106-->src\main\AndroidManifest.xml:106:13-107:54
107                android:name="android.support.customtabs.trusted.SPLASH_IMAGE_DRAWABLE"
107-->src\main\AndroidManifest.xml:106:24-95
108                android:resource="@drawable/splash" />
108-->src\main\AndroidManifest.xml:107:17-52
109            <meta-data
109-->src\main\AndroidManifest.xml:109:13-110:60
110                android:name="android.support.customtabs.trusted.SPLASH_SCREEN_BACKGROUND_COLOR"
110-->src\main\AndroidManifest.xml:109:24-104
111                android:resource="@color/backgroundColor" />
111-->src\main\AndroidManifest.xml:110:17-58
112            <meta-data
112-->src\main\AndroidManifest.xml:112:13-113:71
113                android:name="android.support.customtabs.trusted.SPLASH_SCREEN_FADE_OUT_DURATION"
113-->src\main\AndroidManifest.xml:112:24-105
114                android:value="@integer/splashScreenFadeOutDuration" />
114-->src\main\AndroidManifest.xml:113:17-69
115            <meta-data
115-->src\main\AndroidManifest.xml:115:13-116:60
116                android:name="android.support.customtabs.trusted.FILE_PROVIDER_AUTHORITY"
116-->src\main\AndroidManifest.xml:115:24-97
117                android:value="@string/providerAuthority" />
117-->src\main\AndroidManifest.xml:116:17-58
118            <meta-data
118-->src\main\AndroidManifest.xml:118:13-97
119                android:name="android.app.shortcuts"
119-->src\main\AndroidManifest.xml:118:24-60
120                android:resource="@xml/shortcuts" />
120-->src\main\AndroidManifest.xml:118:61-94
121            <meta-data
121-->src\main\AndroidManifest.xml:120:13-121:56
122                android:name="android.support.customtabs.trusted.FALLBACK_STRATEGY"
122-->src\main\AndroidManifest.xml:120:24-91
123                android:value="@string/fallbackType" />
123-->src\main\AndroidManifest.xml:121:17-53
124            <meta-data
124-->src\main\AndroidManifest.xml:127:13-128:54
125                android:name="android.support.customtabs.trusted.SCREEN_ORIENTATION"
125-->src\main\AndroidManifest.xml:127:24-92
126                android:value="@string/orientation" />
126-->src\main\AndroidManifest.xml:128:17-52
127
128            <intent-filter>
128-->src\main\AndroidManifest.xml:136:13-139:29
129                <action android:name="android.intent.action.MAIN" />
129-->src\main\AndroidManifest.xml:137:17-69
129-->src\main\AndroidManifest.xml:137:25-66
130
131                <category android:name="android.intent.category.LAUNCHER" />
131-->src\main\AndroidManifest.xml:138:17-77
131-->src\main\AndroidManifest.xml:138:27-74
132            </intent-filter>
133            <intent-filter android:autoVerify="true" >
133-->src\main\AndroidManifest.xml:141:13-149:29
133-->src\main\AndroidManifest.xml:141:28-53
134                <action android:name="android.intent.action.VIEW" />
134-->src\main\AndroidManifest.xml:142:17-68
134-->src\main\AndroidManifest.xml:142:25-66
135
136                <category android:name="android.intent.category.DEFAULT" />
136-->src\main\AndroidManifest.xml:68:21-80
136-->src\main\AndroidManifest.xml:68:31-77
137                <category android:name="android.intent.category.BROWSABLE" />
137-->src\main\AndroidManifest.xml:144:17-77
137-->src\main\AndroidManifest.xml:144:27-75
138
139                <data
139-->src\main\AndroidManifest.xml:145:17-148:19
140                    android:host="@string/hostName"
140-->src\main\AndroidManifest.xml:146:21-52
141                    android:scheme="https" />
141-->src\main\AndroidManifest.xml:145:23-45
142            </intent-filter>
143        </activity>
144        <activity android:name="com.google.androidbrowserhelper.trusted.FocusActivity" />
144-->src\main\AndroidManifest.xml:156:9-90
144-->src\main\AndroidManifest.xml:156:19-87
145        <activity
145-->src\main\AndroidManifest.xml:158:9-159:62
146            android:name="com.google.androidbrowserhelper.trusted.WebViewFallbackActivity"
146-->src\main\AndroidManifest.xml:158:19-97
147            android:configChanges="orientation|screenSize" />
147-->src\main\AndroidManifest.xml:159:13-59
148
149        <provider
149-->src\main\AndroidManifest.xml:161:9-169:20
150            android:name="androidx.core.content.FileProvider"
150-->src\main\AndroidManifest.xml:162:13-62
151            android:authorities="@string/providerAuthority"
151-->src\main\AndroidManifest.xml:163:13-60
152            android:exported="false"
152-->src\main\AndroidManifest.xml:165:13-37
153            android:grantUriPermissions="true" >
153-->src\main\AndroidManifest.xml:164:13-47
154            <meta-data
154-->src\main\AndroidManifest.xml:166:13-168:53
155                android:name="android.support.FILE_PROVIDER_PATHS"
155-->src\main\AndroidManifest.xml:167:17-67
156                android:resource="@xml/filepaths" />
156-->src\main\AndroidManifest.xml:168:17-50
157        </provider>
158
159        <service
159-->src\main\AndroidManifest.xml:171:9-182:19
160            android:name="com.alucard.alucalcos.DelegationService"
160-->src\main\AndroidManifest.xml:172:13-46
161            android:enabled="@bool/enableNotification"
161-->src\main\AndroidManifest.xml:173:13-55
162            android:exported="@bool/enableNotification" >
162-->src\main\AndroidManifest.xml:174:13-56
163            <intent-filter>
163-->src\main\AndroidManifest.xml:178:13-181:29
164                <action android:name="android.support.customtabs.trusted.TRUSTED_WEB_ACTIVITY_SERVICE" />
164-->src\main\AndroidManifest.xml:179:17-105
164-->src\main\AndroidManifest.xml:179:25-103
165
166                <category android:name="android.intent.category.DEFAULT" />
166-->src\main\AndroidManifest.xml:68:21-80
166-->src\main\AndroidManifest.xml:68:31-77
167            </intent-filter>
168        </service>
169
170        <provider
170-->[androidx.emoji2:emoji2:1.3.0] AndroidManifest.xml:24:9-32:20
171            android:name="androidx.startup.InitializationProvider"
171-->[androidx.emoji2:emoji2:1.3.0] AndroidManifest.xml:25:13-67
172            android:authorities="com.alucard.alucalcos.androidx-startup"
172-->[androidx.emoji2:emoji2:1.3.0] AndroidManifest.xml:26:13-68
173            android:exported="false" >
173-->[androidx.emoji2:emoji2:1.3.0] AndroidManifest.xml:27:13-37
174            <meta-data
174-->[androidx.emoji2:emoji2:1.3.0] AndroidManifest.xml:29:13-31:52
175                android:name="androidx.emoji2.text.EmojiCompatInitializer"
175-->[androidx.emoji2:emoji2:1.3.0] AndroidManifest.xml:30:17-75
176                android:value="androidx.startup" />
176-->[androidx.emoji2:emoji2:1.3.0] AndroidManifest.xml:31:17-49
177            <meta-data
177-->[androidx.lifecycle:lifecycle-process:2.6.2] AndroidManifest.xml:29:13-31:52
178                android:name="androidx.lifecycle.ProcessLifecycleInitializer"
178-->[androidx.lifecycle:lifecycle-process:2.6.2] AndroidManifest.xml:30:17-78
179                android:value="androidx.startup" />
179-->[androidx.lifecycle:lifecycle-process:2.6.2] AndroidManifest.xml:31:17-49
180            <meta-data
180-->[androidx.profileinstaller:profileinstaller:1.3.1] AndroidManifest.xml:29:13-31:52
181                android:name="androidx.profileinstaller.ProfileInstallerInitializer"
181-->[androidx.profileinstaller:profileinstaller:1.3.1] AndroidManifest.xml:30:17-85
182                android:value="androidx.startup" />
182-->[androidx.profileinstaller:profileinstaller:1.3.1] AndroidManifest.xml:31:17-49
183        </provider>
184
185        <receiver
185-->[androidx.profileinstaller:profileinstaller:1.3.1] AndroidManifest.xml:34:9-52:20
186            android:name="androidx.profileinstaller.ProfileInstallReceiver"
186-->[androidx.profileinstaller:profileinstaller:1.3.1] AndroidManifest.xml:35:13-76
187            android:directBootAware="false"
187-->[androidx.profileinstaller:profileinstaller:1.3.1] AndroidManifest.xml:36:13-44
188            android:enabled="true"
188-->[androidx.profileinstaller:profileinstaller:1.3.1] AndroidManifest.xml:37:13-35
189            android:exported="true"
189-->[androidx.profileinstaller:profileinstaller:1.3.1] AndroidManifest.xml:38:13-36
190            android:permission="android.permission.DUMP" >
190-->[androidx.profileinstaller:profileinstaller:1.3.1] AndroidManifest.xml:39:13-57
191            <intent-filter>
191-->[androidx.profileinstaller:profileinstaller:1.3.1] AndroidManifest.xml:40:13-42:29
192                <action android:name="androidx.profileinstaller.action.INSTALL_PROFILE" />
192-->[androidx.profileinstaller:profileinstaller:1.3.1] AndroidManifest.xml:41:17-91
192-->[androidx.profileinstaller:profileinstaller:1.3.1] AndroidManifest.xml:41:25-88
193            </intent-filter>
194            <intent-filter>
194-->[androidx.profileinstaller:profileinstaller:1.3.1] AndroidManifest.xml:43:13-45:29
195                <action android:name="androidx.profileinstaller.action.SKIP_FILE" />
195-->[androidx.profileinstaller:profileinstaller:1.3.1] AndroidManifest.xml:44:17-85
195-->[androidx.profileinstaller:profileinstaller:1.3.1] AndroidManifest.xml:44:25-82
196            </intent-filter>
197            <intent-filter>
197-->[androidx.profileinstaller:profileinstaller:1.3.1] AndroidManifest.xml:46:13-48:29
198                <action android:name="androidx.profileinstaller.action.SAVE_PROFILE" />
198-->[androidx.profileinstaller:profileinstaller:1.3.1] AndroidManifest.xml:47:17-88
198-->[androidx.profileinstaller:profileinstaller:1.3.1] AndroidManifest.xml:47:25-85
199            </intent-filter>
200            <intent-filter>
200-->[androidx.profileinstaller:profileinstaller:1.3.1] AndroidManifest.xml:49:13-51:29
201                <action android:name="androidx.profileinstaller.action.BENCHMARK_OPERATION" />
201-->[androidx.profileinstaller:profileinstaller:1.3.1] AndroidManifest.xml:50:17-95
201-->[androidx.profileinstaller:profileinstaller:1.3.1] AndroidManifest.xml:50:25-92
202            </intent-filter>
203        </receiver>
204    </application>
205
206</manifest>